#
# There is insufficient memory for the Java Runtime Environment to continue.
# Native memory allocation (malloc) failed to allocate 1048576 bytes for AllocateHeap
# Possible reasons:
#   The system is out of physical RAM or swap space
#   In 32 bit mode, the process size limit was hit
# Possible solutions:
#   Reduce memory load on the system
#   Increase physical memory or swap space
#   Check if swap backing store is full
#   Use 64 bit Java on a 64 bit OS
#   Decrease Java heap size (-Xmx/-Xms)
#   Decrease number of Java threads
#   Decrease Java thread stack sizes (-Xss)
#   Set larger code cache with -XX:ReservedCodeCacheSize=
# This output file may be truncated or incomplete.
#
#  Out of Memory Error (memory/allocation.inline.hpp:62), pid=7864, tid=8036
#
# JRE version:  (8.0_25-b18) (build )
# Java VM: Java HotSpot(TM) 64-Bit Server VM (25.25-b02 mixed mode windows-amd64 compressed oops)
# Failed to write core dump. Minidumps are not enabled by default on client versions of Windows
#

---------------  T H R E A D  ---------------

Current thread (0x000000000261e800):  JavaThread "Unknown thread" [_thread_in_vm, id=8036, stack(0x00000000028b0000,0x00000000029b0000)]

Stack: [0x00000000028b0000,0x00000000029b0000]
Native frames: (J=compiled Java code, j=interpreted, Vv=VM code, C=native code)
V  [jvm.dll+0x31667a]


---------------  P R O C E S S  ---------------

Java Threads: ( => current thread )

Other Threads:

=>0x000000000261e800 (exited) JavaThread "Unknown thread" [_thread_in_vm, id=8036, stack(0x00000000028b0000,0x00000000029b0000)]

VM state:not at safepoint (normal execution)

VM Mutex/Monitor currently owned by a thread: None

Heap:
 PSYoungGen      total 28672K, used 491K [0x00000000eab00000, 0x00000000ecb00000, 0x0000000100000000)
  eden space 24576K, 2% used [0x00000000eab00000,0x00000000eab7ae20,0x00000000ec300000)
  from space 4096K, 0% used [0x00000000ec700000,0x00000000ec700000,0x00000000ecb00000)
  to   space 4096K, 0% used [0x00000000ec300000,0x00000000ec300000,0x00000000ec700000)
 ParOldGen       total 65536K, used 0K [0x00000000c0000000, 0x00000000c4000000, 0x00000000eab00000)
  object space 65536K, 0% used [0x00000000c0000000,0x00000000c0000000,0x00000000c4000000)
 Metaspace       used 674K, capacity 4480K, committed 4480K, reserved 1056768K
  class space    used 66K, capacity 384K, committed 384K, reserved 1048576K

Card table byte_map: [0x0000000011d70000,0x0000000011f80000] byte_map_base: 0x0000000011770000

Marking Bits: (ParMarkBitMap*) 0x00000000624cd490
 Begin Bits: [0x0000000012550000, 0x0000000013550000)
 End Bits:   [0x0000000013550000, 0x0000000014550000)

Polling page: 0x0000000000130000

CodeCache: size=245760Kb used=327Kb max_used=327Kb free=245432Kb
 bounds [0x00000000029b0000, 0x0000000002c20000, 0x00000000119b0000]
 total_blobs=56 nmethods=0 adapters=37
 compilation: enabled

Compilation events (0 events):
No events

GC Heap History (0 events):
No events

Deoptimization events (0 events):
No events

Internal exceptions (0 events):
No events

Events (10 events):
Event: 0.024 loading class java/lang/Short
Event: 0.024 loading class java/lang/Short done
Event: 0.024 loading class java/lang/Integer
Event: 0.024 loading class java/lang/Integer done
Event: 0.024 loading class java/lang/Long
Event: 0.024 loading class java/lang/Long done
Event: 0.024 loading class java/lang/NullPointerException
Event: 0.024 loading class java/lang/NullPointerException done
Event: 0.024 loading class java/lang/ArithmeticException
Event: 0.024 loading class java/lang/ArithmeticException done


Dynamic libraries:
0x000000013f290000 - 0x000000013f2c4000 	G:\Jdk8\bin\java.exe
0x00000000770b0000 - 0x0000000077259000 	C:\Windows\SYSTEM32\ntdll.dll
0x0000000076e90000 - 0x0000000076faf000 	C:\Windows\system32\kernel32.dll
0x000007fefd6a0000 - 0x000007fefd70c000 	C:\Windows\system32\KERNELBASE.dll
0x000007fefedc0000 - 0x000007fefee9b000 	C:\Windows\system32\ADVAPI32.dll
0x000007fefd940000 - 0x000007fefd9df000 	C:\Windows\system32\msvcrt.dll
0x000007fefdd80000 - 0x000007fefdd9f000 	C:\Windows\SYSTEM32\sechost.dll
0x000007fefeea0000 - 0x000007fefefcd000 	C:\Windows\system32\RPCRT4.dll
0x0000000076fb0000 - 0x00000000770aa000 	C:\Windows\system32\USER32.dll
0x000007fefed50000 - 0x000007fefedb7000 	C:\Windows\system32\GDI32.dll
0x000007feff3b0000 - 0x000007feff3be000 	C:\Windows\system32\LPK.dll
0x000007fefd9e0000 - 0x000007fefdaa9000 	C:\Windows\system32\USP10.dll
0x000007fefbdb0000 - 0x000007fefbfa4000 	C:\Windows\WinSxS\amd64_microsoft.windows.common-controls_6595b64144ccf1df_6.0.7601.18837_none_fa3b1e3d17594757\COMCTL32.dll
0x000007feff020000 - 0x000007feff091000 	C:\Windows\system32\SHLWAPI.dll
0x000007feff280000 - 0x000007feff2ae000 	C:\Windows\system32\IMM32.DLL
0x000007fefebd0000 - 0x000007fefecd9000 	C:\Windows\system32\MSCTF.dll
0x0000000064c10000 - 0x0000000064ce2000 	G:\Jdk8\jre\bin\msvcr100.dll
0x0000000061cf0000 - 0x000000006254a000 	G:\Jdk8\jre\bin\server\jvm.dll
0x000007fefa120000 - 0x000007fefa129000 	C:\Windows\system32\WSOCK32.dll
0x000007fefefd0000 - 0x000007feff01d000 	C:\Windows\system32\WS2_32.dll
0x000007fefed40000 - 0x000007fefed48000 	C:\Windows\system32\NSI.dll
0x000007fefd520000 - 0x000007fefd55b000 	C:\Windows\system32\WINMM.dll
0x0000000077270000 - 0x0000000077277000 	C:\Windows\system32\PSAPI.DLL
0x0000000073a40000 - 0x0000000073a4f000 	G:\Jdk8\jre\bin\verify.dll
0x0000000073990000 - 0x00000000739b8000 	G:\Jdk8\jre\bin\java.dll
0x0000000073970000 - 0x0000000073986000 	G:\Jdk8\jre\bin\zip.dll

VM Arguments:
jvm_args: -Xmx1024M -Dfile.encoding=GBK -Duser.country=US -Duser.language=en -Duser.variant 
java_command: com.android.dx.command.Main --dex --num-threads=4 --output L:\STUDY-backup\Udacity\PopularMovies\app\build\intermediates\dex\debug L:\STUDY-backup\Udacity\PopularMovies\app\build\intermediates\classes\debug L:\STUDY-backup\Udacity\PopularMovies\app\build\intermediates\pre-dexed\debug\support-annotations-22.2.0-345fbb3174008c85113b743af73e8eab468b6dfe.jar L:\STUDY-backup\Udacity\PopularMovies\app\build\intermediates\pre-dexed\debug\picasso-2.5.2-09caf161ee4854fc8527724a9bc1738b82d9fe1f.jar L:\STUDY-backup\Udacity\PopularMovies\app\build\intermediates\pre-dexed\debug\internal_impl-22.2.0-aacc579c660c90208482eff3cc2581480040e5bd.jar L:\STUDY-backup\Udacity\PopularMovies\app\build\intermediates\pre-dexed\debug\classes-084ec3b7d62d1851baa729b01653b9d8601378db.jar L:\STUDY-backup\Udacity\PopularMovies\app\build\intermediates\pre-dexed\debug\classes-1e6aa43dfa1e0eccb1b43c444f8c9ee2967682b3.jar
java_class_path (initial): G:\AndroidSDK\build-tools\23.0.0_rc2\lib\dx.jar
Launcher Type: SUN_STANDARD

Environment Variables:
JAVA_HOME=G:\Jdk8
CLASSPATH=G:\Jdk8\lib\dt.jar;G:\Jdk8\lib\tools.jar;.;C:\Program Files (x86)\Java\jre1.6.0_24\lib\ext\QTJava.zip
PATH=C:\ProgramData\Oracle\Java\javapath;C:\Windows\system32;C:\Windows;C:\Windows\System32\Wbem;C:\Windows\System32\WindowsPowerShell\v1.0\;C:\Program Files\Intel\WiFi\bin\;C:\Program Files\Common Files\Intel\WirelessCommon\;C:\Program Files (x86)\Microsoft ASP.NET\ASP.NET Web Pages\v1.0\;J:\SAS HOME\Secure;J:\SAS HOME\x86\Secure;C:\Program Files (x86)\Microsoft SQL Server\100\Tools\Binn\;C:\Program Files\Microsoft SQL Server\100\Tools\Binn\;C:\Program Files\Microsoft SQL Server\100\DTS\Binn\;C:\Program Files (x86)\Microsoft SQL Server\100\Tools\Binn\VSShell\Common7\IDE\;C:\Program Files (x86)\Microsoft SQL Server\100\DTS\Binn\;C:\Program Files (x86)\Microsoft Visual Studio 9.0\Common7\IDE\PrivateAssemblies\;G:\QuickTime\QTSystem\;G:\Tortoise\;G:\ApacheMaven\apache-maven-3.2.5\bin;G:\Jdk8\bin;G:\Jdk8\jre\bin;G:\NodeJs\;G:\Cloud SDK\google-cloud-sdk\bin;C:\Program Files (x86)\Git\cmd;C:\Program Files\Microsoft\Web Platform Installer\;C:\Program Files\Intel\WiFi\bin\;C:\Program Files\Common Files\Intel\WirelessCommon\;G:\Jdk8/bin;C:\Users\James Yang\AppData\Roaming\npm
USERNAME=James Yang
OS=Windows_NT
PROCESSOR_IDENTIFIER=Intel64 Family 6 Model 42 Stepping 7, GenuineIntel



---------------  S Y S T E M  ---------------

OS: Windows 7 , 64 bit Build 7601 Service Pack 1

CPU:total 4 (2 cores per cpu, 2 threads per core) family 6 model 42 stepping 7, cmov, cx8, fxsr, mmx, sse, sse2, sse3, ssse3, sse4.1, sse4.2, popcnt, avx, clmul, ht, tsc, tscinvbit

Memory: 4k page, physical 6203568k(875136k free), swap 8730724k(5120k free)

vm_info: Java HotSpot(TM) 64-Bit Server VM (25.25-b02) for windows-amd64 JRE (1.8.0_25-b18), built on Oct  7 2014 14:25:37 by "java_re" with MS VC++ 10.0 (VS2010)

time: Sat Sep 12 20:06:39 2015
elapsed time: 0 seconds (0d 0h 0m 0s)

