#
# There is insufficient memory for the Java Runtime Environment to continue.
# Native memory allocation (malloc) failed to allocate 32744 bytes for ChunkPool::allocate
# Possible reasons:
#   The system is out of physical RAM or swap space
#   In 32 bit mode, the process size limit was hit
# Possible solutions:
#   Reduce memory load on the system
#   Increase physical memory or swap space
#   Check if swap backing store is full
#   Use 64 bit Java on a 64 bit OS
#   Decrease Java heap size (-Xmx/-Xms)
#   Decrease number of Java threads
#   Decrease Java thread stack sizes (-Xss)
#   Set larger code cache with -XX:ReservedCodeCacheSize=
# This output file may be truncated or incomplete.
#
#  Out of Memory Error (allocation.cpp:273), pid=8832, tid=9104
#
# JRE version: Java(TM) SE Runtime Environment (8.0_25-b18) (build 1.8.0_25-b18)
# Java VM: Java HotSpot(TM) 64-Bit Server VM (25.25-b02 mixed mode windows-amd64 compressed oops)
# Failed to write core dump. Minidumps are not enabled by default on client versions of Windows
#

---------------  T H R E A D  ---------------

Current thread (0x0000000056754000):  JavaThread "C1 CompilerThread2" daemon [_thread_in_native, id=9104, stack(0x0000000057200000,0x0000000057300000)]

Stack: [0x0000000057200000,0x0000000057300000]
Native frames: (J=compiled Java code, j=interpreted, Vv=VM code, C=native code)
V  [jvm.dll+0x31667a]
V  [jvm.dll+0x267073]
V  [jvm.dll+0x267cb3]
V  [jvm.dll+0x25f5b5]
V  [jvm.dll+0xbeec1]
V  [jvm.dll+0xbf60c]
V  [jvm.dll+0x9ef2a]
V  [jvm.dll+0x86a77]
V  [jvm.dll+0x4033ae]
V  [jvm.dll+0x412167]
V  [jvm.dll+0x29f333]
V  [jvm.dll+0x411d83]
V  [jvm.dll+0x3ecfdb]
V  [jvm.dll+0x3ed6ea]
V  [jvm.dll+0x3ed7c2]
V  [jvm.dll+0x3ed98e]
V  [jvm.dll+0x3edb8f]
V  [jvm.dll+0x98a02]
V  [jvm.dll+0x991f3]
V  [jvm.dll+0x22bde4]
V  [jvm.dll+0x2852fa]
C  [msvcr100.dll+0x21d9f]
C  [msvcr100.dll+0x21e3b]
C  [kernel32.dll+0x15a4d]
C  [ntdll.dll+0x2b831]


Current CompileTask:
C1:   7654 1202       3       com.android.dx.ssa.Dominators::run (506 bytes)


---------------  P R O C E S S  ---------------

Java Threads: ( => current thread )
  0x0000000056a07000 JavaThread "pool-1-thread-4" [_thread_blocked, id=8560, stack(0x0000000056210000,0x0000000056310000)]
  0x0000000056a03800 JavaThread "pool-1-thread-3" [_thread_blocked, id=9112, stack(0x0000000057b90000,0x0000000057c90000)]
  0x0000000056a02800 JavaThread "pool-1-thread-2" [_thread_blocked, id=7764, stack(0x0000000057970000,0x0000000057a70000)]
  0x0000000056a02000 JavaThread "pool-2-thread-1" [_thread_blocked, id=4400, stack(0x0000000057810000,0x0000000057910000)]
  0x00000000569fa800 JavaThread "pool-1-thread-1" [_thread_blocked, id=7920, stack(0x0000000057660000,0x0000000057760000)]
  0x0000000056757800 JavaThread "Service Thread" daemon [_thread_blocked, id=1120, stack(0x00000000573b0000,0x00000000574b0000)]
=>0x0000000056754000 JavaThread "C1 CompilerThread2" daemon [_thread_in_native, id=9104, stack(0x0000000057200000,0x0000000057300000)]
  0x000000005542f000 JavaThread "C2 CompilerThread1" daemon [_thread_in_native, id=7000, stack(0x0000000057050000,0x0000000057150000)]
  0x000000005542b000 JavaThread "C2 CompilerThread0" daemon [_thread_in_vm, id=6900, stack(0x0000000056ed0000,0x0000000056fd0000)]
  0x000000005674a800 JavaThread "Attach Listener" daemon [_thread_blocked, id=5988, stack(0x0000000056d00000,0x0000000056e00000)]
  0x0000000055428000 JavaThread "Signal Dispatcher" daemon [_thread_blocked, id=7464, stack(0x0000000056bd0000,0x0000000056cd0000)]
  0x00000000553be800 JavaThread "Finalizer" daemon [_thread_blocked, id=9052, stack(0x0000000056640000,0x0000000056740000)]
  0x00000000553bb800 JavaThread "Reference Handler" daemon [_thread_blocked, id=4512, stack(0x0000000056520000,0x0000000056620000)]
  0x00000000026ae000 JavaThread "main" [_thread_blocked, id=8900, stack(0x00000000028c0000,0x00000000029c0000)]

Other Threads:
  0x00000000553b6000 VMThread [stack: 0x0000000056340000,0x0000000056440000] [id=4280]
  0x000000005675c000 WatcherThread [stack: 0x0000000057530000,0x0000000057630000] [id=5620]

VM state:not at safepoint (normal execution)

VM Mutex/Monitor currently owned by a thread: None

Heap:
 PSYoungGen      total 28672K, used 9151K [0x00000000eab00000, 0x00000000ee300000, 0x0000000100000000)
  eden space 24576K, 20% used [0x00000000eab00000,0x00000000eaff73b8,0x00000000ec300000)
  from space 4096K, 99% used [0x00000000ec300000,0x00000000ec6f8ad8,0x00000000ec700000)
  to   space 4096K, 0% used [0x00000000edf00000,0x00000000edf00000,0x00000000ee300000)
 ParOldGen       total 65536K, used 1390K [0x00000000c0000000, 0x00000000c4000000, 0x00000000eab00000)
  object space 65536K, 2% used [0x00000000c0000000,0x00000000c015bbe8,0x00000000c4000000)
 Metaspace       used 5877K, capacity 6896K, committed 7040K, reserved 1056768K
  class space    used 585K, capacity 616K, committed 640K, reserved 1048576K

Card table byte_map: [0x0000000011d80000,0x0000000011f90000] byte_map_base: 0x0000000011780000

Marking Bits: (ParMarkBitMap*) 0x00000000624cd490
 Begin Bits: [0x0000000012830000, 0x0000000013830000)
 End Bits:   [0x0000000013830000, 0x0000000014830000)

Polling page: 0x0000000000130000

CodeCache: size=245760Kb used=4586Kb max_used=4591Kb free=241173Kb
 bounds [0x00000000029c0000, 0x0000000002e40000, 0x00000000119c0000]
 total_blobs=1465 nmethods=1194 adapters=180
 compilation: enabled

Compilation events (10 events):
Event: 7.157 Thread 0x000000005542b000 

Event: 7.157 Thread 0x000000005542b000 1199       4       com.android.dx.rop.code.BasicBlockList$RegCountVisitor::visit (52 bytes)
Event: 7.160 Thread 0x000000005542f000 

Event: 7.160 Thread 0x000000005542f000 1194       4       java.util.ArrayList::subListRangeCheck (110 bytes)
Event: 7.160 Thread 0x000000005542f000 

Event: 7.160 Thread 0x000000005542f000 1193       4       com.android.dx.ssa.Dominators::eval (29 bytes)
Event: 7.163 Thread 0x000000005542b000 

Event: 7.176 Thread 0x0000000056754000 1202       3       com.android.dx.ssa.Dominators::run (506 bytes)
Event: 7.176 Thread 0x000000005542b000 1204       4       com.android.dx.rop.code.Rop::isCommutative (60 bytes)
Event: 7.177 Thread 0x000000005542b000 


GC Heap History (2 events):
Event: 5.735 GC heap before
{Heap before GC invocations=1 (full 0):
 PSYoungGen      total 28672K, used 24576K [0x00000000eab00000, 0x00000000ecb00000, 0x0000000100000000)
  eden space 24576K, 100% used [0x00000000eab00000,0x00000000ec300000,0x00000000ec300000)
  from space 4096K, 0% used [0x00000000ec700000,0x00000000ec700000,0x00000000ecb00000)
  to   space 4096K, 0% used [0x00000000ec300000,0x00000000ec300000,0x00000000ec700000)
 ParOldGen       total 65536K, used 0K [0x00000000c0000000, 0x00000000c4000000, 0x00000000eab00000)
  object space 65536K, 0% used [0x00000000c0000000,0x00000000c0000000,0x00000000c4000000)
 Metaspace       used 5846K, capacity 6896K, committed 7040K, reserved 1056768K
  class space    used 584K, capacity 616K, committed 640K, reserved 1048576K
Event: 6.123 GC heap after
Heap after GC invocations=1 (full 0):
 PSYoungGen      total 28672K, used 4066K [0x00000000eab00000, 0x00000000ee300000, 0x0000000100000000)
  eden space 24576K, 0% used [0x00000000eab00000,0x00000000eab00000,0x00000000ec300000)
  from space 4096K, 99% used [0x00000000ec300000,0x00000000ec6f8ad8,0x00000000ec700000)
  to   space 4096K, 0% used [0x00000000edf00000,0x00000000edf00000,0x00000000ee300000)
 ParOldGen       total 65536K, used 1390K [0x00000000c0000000, 0x00000000c4000000, 0x00000000eab00000)
  object space 65536K, 2% used [0x00000000c0000000,0x00000000c015bbe8,0x00000000c4000000)
 Metaspace       used 5846K, capacity 6896K, committed 7040K, reserved 1056768K
  class space    used 584K, capacity 616K, committed 640K, reserved 1048576K
}

Deoptimization events (2 events):
Event: 5.696 Thread 0x00000000569fa800 Uncommon trap: reason=unreached action=reinterpret pc=0x0000000002ce2900 method=com.android.dx.rop.code.LocalItem.hashCode()I @ 25
Event: 5.703 Thread 0x0000000056a03800 Uncommon trap: reason=null_check action=make_not_entrant pc=0x0000000002cde490 method=com.android.dx.rop.type.Type.equals(Ljava/lang/Object;)Z @ 8

Internal exceptions (10 events):
Event: 1.916 Thread 0x00000000569fa800 Exception <a 'java/security/PrivilegedActionException'> (0x00000000eb493bd8) thrown at [D:\re\workspace\8-2-build-windows-amd64-cygwin\jdk8u25\1677\hotspot\src\share\vm\prims\jvm.cpp, line 1312]
Event: 1.920 Thread 0x00000000569fa800 Exception <a 'java/security/PrivilegedActionException'> (0x00000000eb4a0350) thrown at [D:\re\workspace\8-2-build-windows-amd64-cygwin\jdk8u25\1677\hotspot\src\share\vm\prims\jvm.cpp, line 1312]
Event: 1.922 Thread 0x00000000569fa800 Exception <a 'java/security/PrivilegedActionException'> (0x00000000eb4a6c50) thrown at [D:\re\workspace\8-2-build-windows-amd64-cygwin\jdk8u25\1677\hotspot\src\share\vm\prims\jvm.cpp, line 1312]
Event: 1.925 Thread 0x00000000569fa800 Exception <a 'java/security/PrivilegedActionException'> (0x00000000eb4adc08) thrown at [D:\re\workspace\8-2-build-windows-amd64-cygwin\jdk8u25\1677\hotspot\src\share\vm\prims\jvm.cpp, line 1312]
Event: 2.119 Thread 0x00000000026ae000 Exception <a 'java/security/PrivilegedActionException'> (0x00000000eb697e00) thrown at [D:\re\workspace\8-2-build-windows-amd64-cygwin\jdk8u25\1677\hotspot\src\share\vm\prims\jvm.cpp, line 1312]
Event: 2.199 Thread 0x0000000056a07000 Exception <a 'java/security/PrivilegedActionException'> (0x00000000eb637270) thrown at [D:\re\workspace\8-2-build-windows-amd64-cygwin\jdk8u25\1677\hotspot\src\share\vm\prims\jvm.cpp, line 1312]
Event: 2.226 Thread 0x0000000056a03800 Exception <a 'java/security/PrivilegedActionException'> (0x00000000eb6e4118) thrown at [D:\re\workspace\8-2-build-windows-amd64-cygwin\jdk8u25\1677\hotspot\src\share\vm\prims\jvm.cpp, line 1312]
Event: 5.049 Thread 0x0000000056a02800 Exception <a 'java/security/PrivilegedActionException'> (0x00000000ebdc5020) thrown at [D:\re\workspace\8-2-build-windows-amd64-cygwin\jdk8u25\1677\hotspot\src\share\vm\prims\jvm.cpp, line 1312]
Event: 5.680 Thread 0x00000000026ae000 Exception <a 'java/security/PrivilegedActionException'> (0x00000000ebea2138) thrown at [D:\re\workspace\8-2-build-windows-amd64-cygwin\jdk8u25\1677\hotspot\src\share\vm\prims\jvm.cpp, line 1312]
Event: 5.703 Thread 0x0000000056a03800 Implicit null exception at 0x0000000002cde392 to 0x0000000002cde482

Events (10 events):
Event: 5.696 Thread 0x00000000569fa800 Uncommon trap: trap_request=0xffffffad fr.pc=0x0000000002ce2900
Event: 5.696 Thread 0x00000000569fa800 DEOPT PACKING pc=0x0000000002ce2900 sp=0x000000005775efd0
Event: 5.696 Thread 0x00000000569fa800 DEOPT UNPACKING pc=0x0000000002a0556a sp=0x000000005775ed28 mode 2
Event: 5.703 Thread 0x0000000056a03800 Uncommon trap: trap_request=0xfffffff4 fr.pc=0x0000000002cde490
Event: 5.703 Thread 0x0000000056a03800 DEOPT PACKING pc=0x0000000002cde490 sp=0x0000000057c8eb00
Event: 5.703 Thread 0x0000000056a03800 DEOPT UNPACKING pc=0x0000000002a0556a sp=0x0000000057c8ea98 mode 2
Event: 5.735 Executing VM operation: ParallelGCFailedAllocation
Event: 6.123 Executing VM operation: ParallelGCFailedAllocation done
Event: 6.126 loading class sun/misc/Cleaner
Event: 6.127 loading class sun/misc/Cleaner done


Dynamic libraries:
0x000000013f290000 - 0x000000013f2c4000 	G:\Jdk8\bin\java.exe
0x00000000770b0000 - 0x0000000077259000 	C:\Windows\SYSTEM32\ntdll.dll
0x0000000076e90000 - 0x0000000076faf000 	C:\Windows\system32\kernel32.dll
0x000007fefd6a0000 - 0x000007fefd70c000 	C:\Windows\system32\KERNELBASE.dll
0x000007fefedc0000 - 0x000007fefee9b000 	C:\Windows\system32\ADVAPI32.dll
0x000007fefd940000 - 0x000007fefd9df000 	C:\Windows\system32\msvcrt.dll
0x000007fefdd80000 - 0x000007fefdd9f000 	C:\Windows\SYSTEM32\sechost.dll
0x000007fefeea0000 - 0x000007fefefcd000 	C:\Windows\system32\RPCRT4.dll
0x0000000076fb0000 - 0x00000000770aa000 	C:\Windows\system32\USER32.dll
0x000007fefed50000 - 0x000007fefedb7000 	C:\Windows\system32\GDI32.dll
0x000007feff3b0000 - 0x000007feff3be000 	C:\Windows\system32\LPK.dll
0x000007fefd9e0000 - 0x000007fefdaa9000 	C:\Windows\system32\USP10.dll
0x000007fefbdb0000 - 0x000007fefbfa4000 	C:\Windows\WinSxS\amd64_microsoft.windows.common-controls_6595b64144ccf1df_6.0.7601.18837_none_fa3b1e3d17594757\COMCTL32.dll
0x000007feff020000 - 0x000007feff091000 	C:\Windows\system32\SHLWAPI.dll
0x000007feff280000 - 0x000007feff2ae000 	C:\Windows\system32\IMM32.DLL
0x000007fefebd0000 - 0x000007fefecd9000 	C:\Windows\system32\MSCTF.dll
0x0000000064c10000 - 0x0000000064ce2000 	G:\Jdk8\jre\bin\msvcr100.dll
0x0000000061cf0000 - 0x000000006254a000 	G:\Jdk8\jre\bin\server\jvm.dll
0x000007fefa120000 - 0x000007fefa129000 	C:\Windows\system32\WSOCK32.dll
0x000007fefefd0000 - 0x000007feff01d000 	C:\Windows\system32\WS2_32.dll
0x000007fefed40000 - 0x000007fefed48000 	C:\Windows\system32\NSI.dll
0x000007fefd520000 - 0x000007fefd55b000 	C:\Windows\system32\WINMM.dll
0x0000000077270000 - 0x0000000077277000 	C:\Windows\system32\PSAPI.DLL
0x0000000073a40000 - 0x0000000073a4f000 	G:\Jdk8\jre\bin\verify.dll
0x0000000073990000 - 0x00000000739b8000 	G:\Jdk8\jre\bin\java.dll
0x0000000073970000 - 0x0000000073986000 	G:\Jdk8\jre\bin\zip.dll
0x000007fefdda0000 - 0x000007fefeb29000 	C:\Windows\system32\SHELL32.dll
0x000007fefdad0000 - 0x000007fefdcd3000 	C:\Windows\system32\ole32.dll
0x000007fefd2e0000 - 0x000007fefd2ef000 	C:\Windows\system32\profapi.dll
0x000007fef77c0000 - 0x000007fef78e5000 	C:\Windows\system32\dbghelp.dll

VM Arguments:
jvm_args: -Xmx1024M -Dfile.encoding=GBK -Duser.country=US -Duser.language=en -Duser.variant 
java_command: com.android.dx.command.Main --dex --num-threads=4 --output L:\STUDY-backup\Udacity\PopularMovies\app\build\intermediates\pre-dexed\debug\internal_impl-22.2.0-aacc579c660c90208482eff3cc2581480040e5bd.jar L:\STUDY-backup\Udacity\PopularMovies\app\build\intermediates\exploded-aar\com.android.support\support-v4\22.2.0\jars\libs\internal_impl-22.2.0.jar
java_class_path (initial): G:\AndroidSDK\build-tools\23.0.0_rc2\lib\dx.jar
Launcher Type: SUN_STANDARD

Environment Variables:
JAVA_HOME=G:\Jdk8
CLASSPATH=G:\Jdk8\lib\dt.jar;G:\Jdk8\lib\tools.jar;.;C:\Program Files (x86)\Java\jre1.6.0_24\lib\ext\QTJava.zip
PATH=C:\ProgramData\Oracle\Java\javapath;C:\Windows\system32;C:\Windows;C:\Windows\System32\Wbem;C:\Windows\System32\WindowsPowerShell\v1.0\;C:\Program Files\Intel\WiFi\bin\;C:\Program Files\Common Files\Intel\WirelessCommon\;C:\Program Files (x86)\Microsoft ASP.NET\ASP.NET Web Pages\v1.0\;J:\SAS HOME\Secure;J:\SAS HOME\x86\Secure;C:\Program Files (x86)\Microsoft SQL Server\100\Tools\Binn\;C:\Program Files\Microsoft SQL Server\100\Tools\Binn\;C:\Program Files\Microsoft SQL Server\100\DTS\Binn\;C:\Program Files (x86)\Microsoft SQL Server\100\Tools\Binn\VSShell\Common7\IDE\;C:\Program Files (x86)\Microsoft SQL Server\100\DTS\Binn\;C:\Program Files (x86)\Microsoft Visual Studio 9.0\Common7\IDE\PrivateAssemblies\;G:\QuickTime\QTSystem\;G:\Tortoise\;G:\ApacheMaven\apache-maven-3.2.5\bin;G:\Jdk8\bin;G:\Jdk8\jre\bin;G:\NodeJs\;G:\Cloud SDK\google-cloud-sdk\bin;C:\Program Files (x86)\Git\cmd;C:\Program Files\Microsoft\Web Platform Installer\;C:\Program Files\Intel\WiFi\bin\;C:\Program Files\Common Files\Intel\WirelessCommon\;G:\Jdk8/bin;C:\Users\James Yang\AppData\Roaming\npm
USERNAME=James Yang
OS=Windows_NT
PROCESSOR_IDENTIFIER=Intel64 Family 6 Model 42 Stepping 7, GenuineIntel



---------------  S Y S T E M  ---------------

OS: Windows 7 , 64 bit Build 7601 Service Pack 1

CPU:total 4 (2 cores per cpu, 2 threads per core) family 6 model 42 stepping 7, cmov, cx8, fxsr, mmx, sse, sse2, sse3, ssse3, sse4.1, sse4.2, popcnt, avx, clmul, ht, tsc, tscinvbit

Memory: 4k page, physical 6203568k(962920k free), swap 8730724k(263060k free)

vm_info: Java HotSpot(TM) 64-Bit Server VM (25.25-b02) for windows-amd64 JRE (1.8.0_25-b18), built on Oct  7 2014 14:25:37 by "java_re" with MS VC++ 10.0 (VS2010)

time: Sat Sep 12 17:46:31 2015
elapsed time: 7 seconds (0d 0h 0m 7s)

