#
# There is insufficient memory for the Java Runtime Environment to continue.
# Native memory allocation (malloc) failed to allocate 182656 bytes for Chunk::new
# Possible reasons:
#   The system is out of physical RAM or swap space
#   In 32 bit mode, the process size limit was hit
# Possible solutions:
#   Reduce memory load on the system
#   Increase physical memory or swap space
#   Check if swap backing store is full
#   Use 64 bit Java on a 64 bit OS
#   Decrease Java heap size (-Xmx/-Xms)
#   Decrease number of Java threads
#   Decrease Java thread stack sizes (-Xss)
#   Set larger code cache with -XX:ReservedCodeCacheSize=
# This output file may be truncated or incomplete.
#
#  Out of Memory Error (allocation.cpp:390), pid=4268, tid=7092
#
# JRE version: Java(TM) SE Runtime Environment (8.0_25-b18) (build 1.8.0_25-b18)
# Java VM: Java HotSpot(TM) 64-Bit Server VM (25.25-b02 mixed mode windows-amd64 compressed oops)
# Failed to write core dump. Minidumps are not enabled by default on client versions of Windows
#

---------------  T H R E A D  ---------------

Current thread (0x000000005507d000):  JavaThread "C2 CompilerThread0" daemon [_thread_in_native, id=7092, stack(0x0000000056e10000,0x0000000056f10000)]

Stack: [0x0000000056e10000,0x0000000056f10000]
Native frames: (J=compiled Java code, j=interpreted, Vv=VM code, C=native code)
V  [jvm.dll+0x31667a]


Current CompileTask:
C2:  10179 1662   !   4       com.android.dx.cf.code.BytecodeArray::parseInstruction (2764 bytes)


---------------  P R O C E S S  ---------------

Java Threads: ( => current thread )
  0x00000000566fa800 JavaThread "Service Thread" daemon [_thread_blocked, id=7124, stack(0x0000000056260000,0x0000000056360000)]
  0x00000000566c5800 JavaThread "C1 CompilerThread2" daemon [_thread_in_native, id=7312, stack(0x00000000570f0000,0x00000000571f0000)]
  0x00000000566be000 JavaThread "C2 CompilerThread1" daemon [_thread_in_native, id=7480, stack(0x0000000056f70000,0x0000000057070000)]
=>0x000000005507d000 JavaThread "C2 CompilerThread0" daemon [_thread_in_native, id=7092, stack(0x0000000056e10000,0x0000000056f10000)]
  0x000000005667a800 JavaThread "Attach Listener" daemon [_thread_blocked, id=4748, stack(0x0000000056c00000,0x0000000056d00000)]
  0x000000005507a000 JavaThread "Signal Dispatcher" daemon [_thread_blocked, id=7556, stack(0x0000000056ab0000,0x0000000056bb0000)]
  0x000000005500e800 JavaThread "Finalizer" daemon [_thread_blocked, id=6208, stack(0x0000000056570000,0x0000000056670000)]
  0x000000005500b800 JavaThread "Reference Handler" daemon [_thread_blocked, id=8760, stack(0x00000000563b0000,0x00000000564b0000)]
  0x000000000252e000 JavaThread "main" [_thread_in_Java, id=7736, stack(0x00000000027f0000,0x00000000028f0000)]

Other Threads:
  0x0000000055006000 VMThread [stack: 0x0000000056150000,0x0000000056250000] [id=7908]
  0x0000000056700000 WatcherThread [stack: 0x00000000572f0000,0x00000000573f0000] [id=4352]

VM state:not at safepoint (normal execution)

VM Mutex/Monitor currently owned by a thread: None

Heap:
 PSYoungGen      total 53248K, used 20890K [0x00000000eab00000, 0x00000000ee300000, 0x0000000100000000)
  eden space 49152K, 34% used [0x00000000eab00000,0x00000000ebb6c630,0x00000000edb00000)
  from space 4096K, 99% used [0x00000000edf00000,0x00000000ee2fa458,0x00000000ee300000)
  to   space 4096K, 0% used [0x00000000edb00000,0x00000000edb00000,0x00000000edf00000)
 ParOldGen       total 65536K, used 4621K [0x00000000c0000000, 0x00000000c4000000, 0x00000000eab00000)
  object space 65536K, 7% used [0x00000000c0000000,0x00000000c0483508,0x00000000c4000000)
 Metaspace       used 6095K, capacity 7088K, committed 7296K, reserved 1056768K
  class space    used 590K, capacity 616K, committed 640K, reserved 1048576K

Card table byte_map: [0x0000000011cb0000,0x0000000011ec0000] byte_map_base: 0x00000000116b0000

Marking Bits: (ParMarkBitMap*) 0x00000000624cd490
 Begin Bits: [0x0000000012480000, 0x0000000013480000)
 End Bits:   [0x0000000013480000, 0x0000000014480000)

Polling page: 0x0000000000330000

CodeCache: size=245760Kb used=6920Kb max_used=6941Kb free=238839Kb
 bounds [0x00000000028f0000, 0x0000000002fd0000, 0x00000000118f0000]
 total_blobs=1917 nmethods=1651 adapters=180
 compilation: enabled

Compilation events (10 events):
Event: 9.518 Thread 0x000000005507d000 1656 %     4       com.android.dx.ssa.SsaConverter::placePhiFunctions @ 103 (394 bytes)
Event: 9.521 Thread 0x00000000566c5800 1657       3       com.android.dx.ssa.PhiTypeResolver::equalsHandlesNulls (23 bytes)
Event: 9.522 Thread 0x00000000566c5800 nmethod 1657 0x0000000002f84090 code [0x0000000002f84220, 0x0000000002f84668]
Event: 9.527 Thread 0x00000000566c5800 1659       3       com.android.dx.rop.cst.CstString::<init> (42 bytes)
Event: 9.528 Thread 0x00000000566c5800 nmethod 1659 0x0000000002f836d0 code [0x0000000002f83880, 0x0000000002f83df8]
Event: 9.531 Thread 0x00000000566c5800 1661       1       com.android.dx.cf.direct.DirectClassFile$DcfTypeList::size (5 bytes)
Event: 9.531 Thread 0x00000000566c5800 nmethod 1661 0x0000000002f7f750 code [0x0000000002f7f8a0, 0x0000000002f7f9b0]
Event: 9.758 Thread 0x000000005507d000 nmethod 1656% 0x0000000002fbb310 code [0x0000000002fbb5c0, 0x0000000002fbdbd0]
Event: 9.758 Thread 0x000000005507d000 1662   !   4       com.android.dx.cf.code.BytecodeArray::parseInstruction (2764 bytes)
Event: 10.113 Thread 0x00000000566c5800 1664       3       java.util.concurrent.locks.AbstractQueuedSynchronizer::shouldParkAfterFailedAcquire (50 bytes)

GC Heap History (4 events):
Event: 2.849 GC heap before
{Heap before GC invocations=1 (full 0):
 PSYoungGen      total 28672K, used 24576K [0x00000000eab00000, 0x00000000ecb00000, 0x0000000100000000)
  eden space 24576K, 100% used [0x00000000eab00000,0x00000000ec300000,0x00000000ec300000)
  from space 4096K, 0% used [0x00000000ec700000,0x00000000ec700000,0x00000000ecb00000)
  to   space 4096K, 0% used [0x00000000ec300000,0x00000000ec300000,0x00000000ec700000)
 ParOldGen       total 65536K, used 0K [0x00000000c0000000, 0x00000000c4000000, 0x00000000eab00000)
  object space 65536K, 0% used [0x00000000c0000000,0x00000000c0000000,0x00000000c4000000)
 Metaspace       used 5793K, capacity 6832K, committed 7040K, reserved 1056768K
  class space    used 582K, capacity 616K, committed 640K, reserved 1048576K
Event: 3.257 GC heap after
Heap after GC invocations=1 (full 0):
 PSYoungGen      total 28672K, used 4079K [0x00000000eab00000, 0x00000000ee300000, 0x0000000100000000)
  eden space 24576K, 0% used [0x00000000eab00000,0x00000000eab00000,0x00000000ec300000)
  from space 4096K, 99% used [0x00000000ec300000,0x00000000ec6fbcb8,0x00000000ec700000)
  to   space 4096K, 0% used [0x00000000edf00000,0x00000000edf00000,0x00000000ee300000)
 ParOldGen       total 65536K, used 1345K [0x00000000c0000000, 0x00000000c4000000, 0x00000000eab00000)
  object space 65536K, 2% used [0x00000000c0000000,0x00000000c0150650,0x00000000c4000000)
 Metaspace       used 5793K, capacity 6832K, committed 7040K, reserved 1056768K
  class space    used 582K, capacity 616K, committed 640K, reserved 1048576K
}
Event: 5.911 GC heap before
{Heap before GC invocations=2 (full 0):
 PSYoungGen      total 28672K, used 28655K [0x00000000eab00000, 0x00000000ee300000, 0x0000000100000000)
  eden space 24576K, 100% used [0x00000000eab00000,0x00000000ec300000,0x00000000ec300000)
  from space 4096K, 99% used [0x00000000ec300000,0x00000000ec6fbcb8,0x00000000ec700000)
  to   space 4096K, 0% used [0x00000000edf00000,0x00000000edf00000,0x00000000ee300000)
 ParOldGen       total 65536K, used 1345K [0x00000000c0000000, 0x00000000c4000000, 0x00000000eab00000)
  object space 65536K, 2% used [0x00000000c0000000,0x00000000c0150650,0x00000000c4000000)
 Metaspace       used 5988K, capacity 7024K, committed 7296K, reserved 1056768K
  class space    used 583K, capacity 616K, committed 640K, reserved 1048576K
Event: 6.210 GC heap after
Heap after GC invocations=2 (full 0):
 PSYoungGen      total 53248K, used 4073K [0x00000000eab00000, 0x00000000ee300000, 0x0000000100000000)
  eden space 49152K, 0% used [0x00000000eab00000,0x00000000eab00000,0x00000000edb00000)
  from space 4096K, 99% used [0x00000000edf00000,0x00000000ee2fa458,0x00000000ee300000)
  to   space 4096K, 0% used [0x00000000edb00000,0x00000000edb00000,0x00000000edf00000)
 ParOldGen       total 65536K, used 4621K [0x00000000c0000000, 0x00000000c4000000, 0x00000000eab00000)
  object space 65536K, 7% used [0x00000000c0000000,0x00000000c0483508,0x00000000c4000000)
 Metaspace       used 5988K, capacity 7024K, committed 7296K, reserved 1056768K
  class space    used 583K, capacity 616K, committed 640K, reserved 1048576K
}

Deoptimization events (10 events):
Event: 10.115 Thread 0x000000000252e000 Uncommon trap: reason=class_check action=maybe_recompile pc=0x0000000002d16450 method=java.util.Arrays.hashCode([Ljava/lang/Object;)I @ 43
Event: 10.116 Thread 0x000000000252e000 Uncommon trap: reason=class_check action=maybe_recompile pc=0x0000000002d14d40 method=java.util.Arrays.hashCode([Ljava/lang/Object;)I @ 43
Event: 10.121 Thread 0x000000000252e000 Uncommon trap: reason=bimorphic action=maybe_recompile pc=0x0000000002afb918 method=java.util.HashMap.getNode(ILjava/lang/Object;)Ljava/util/HashMap$Node; @ 126
Event: 10.121 Thread 0x000000000252e000 Uncommon trap: reason=bimorphic action=maybe_recompile pc=0x0000000002afb918 method=java.util.HashMap.getNode(ILjava/lang/Object;)Ljava/util/HashMap$Node; @ 126
Event: 10.121 Thread 0x000000000252e000 Uncommon trap: reason=bimorphic action=maybe_recompile pc=0x0000000002afb918 method=java.util.HashMap.getNode(ILjava/lang/Object;)Ljava/util/HashMap$Node; @ 126
Event: 10.121 Thread 0x000000000252e000 Uncommon trap: reason=bimorphic action=maybe_recompile pc=0x0000000002adc8c0 method=java.util.HashMap.getNode(ILjava/lang/Object;)Ljava/util/HashMap$Node; @ 126
Event: 10.121 Thread 0x000000000252e000 Uncommon trap: reason=class_check action=maybe_recompile pc=0x0000000002dc1d94 method=java.util.HashMap.putVal(ILjava/lang/Object;Ljava/lang/Object;ZZ)Ljava/lang/Object; @ 203
Event: 10.122 Thread 0x000000000252e000 Uncommon trap: reason=class_check action=maybe_recompile pc=0x0000000002dc1d94 method=java.util.HashMap.putVal(ILjava/lang/Object;Ljava/lang/Object;ZZ)Ljava/lang/Object; @ 203
Event: 10.122 Thread 0x000000000252e000 Uncommon trap: reason=class_check action=maybe_recompile pc=0x0000000002dc1d94 method=java.util.HashMap.putVal(ILjava/lang/Object;Ljava/lang/Object;ZZ)Ljava/lang/Object; @ 203
Event: 10.122 Thread 0x000000000252e000 Uncommon trap: reason=class_check action=maybe_recompile pc=0x0000000002dc1d94 method=java.util.HashMap.putVal(ILjava/lang/Object;Ljava/lang/Object;ZZ)Ljava/lang/Object; @ 203

Internal exceptions (10 events):
Event: 1.604 Thread 0x000000000252e000 Exception <a 'java/security/PrivilegedActionException'> (0x00000000eb37c5d8) thrown at [D:\re\workspace\8-2-build-windows-amd64-cygwin\jdk8u25\1677\hotspot\src\share\vm\prims\jvm.cpp, line 1312]
Event: 1.605 Thread 0x000000000252e000 Exception <a 'java/security/PrivilegedActionException'> (0x00000000eb37e998) thrown at [D:\re\workspace\8-2-build-windows-amd64-cygwin\jdk8u25\1677\hotspot\src\share\vm\prims\jvm.cpp, line 1312]
Event: 1.715 Thread 0x0000000056833800 Exception <a 'java/security/PrivilegedActionException'> (0x00000000eb705518) thrown at [D:\re\workspace\8-2-build-windows-amd64-cygwin\jdk8u25\1677\hotspot\src\share\vm\prims\jvm.cpp, line 1312]
Event: 1.760 Thread 0x000000000252e000 Exception <a 'java/security/PrivilegedActionException'> (0x00000000eb64efd8) thrown at [D:\re\workspace\8-2-build-windows-amd64-cygwin\jdk8u25\1677\hotspot\src\share\vm\prims\jvm.cpp, line 1312]
Event: 2.683 Thread 0x000000000252e000 Exception <a 'java/security/PrivilegedActionException'> (0x00000000eb8f9c50) thrown at [D:\re\workspace\8-2-build-windows-amd64-cygwin\jdk8u25\1677\hotspot\src\share\vm\prims\jvm.cpp, line 1312]
Event: 2.694 Thread 0x000000000252e000 Exception <a 'java/security/PrivilegedActionException'> (0x00000000eb8fc240) thrown at [D:\re\workspace\8-2-build-windows-amd64-cygwin\jdk8u25\1677\hotspot\src\share\vm\prims\jvm.cpp, line 1312]
Event: 3.971 Thread 0x0000000056833800 Implicit null exception at 0x0000000002bf91a1 to 0x0000000002bfb47d
Event: 4.813 Thread 0x0000000056847800 Exception <a 'java/security/PrivilegedActionException'> (0x00000000eb89b518) thrown at [D:\re\workspace\8-2-build-windows-amd64-cygwin\jdk8u25\1677\hotspot\src\share\vm\prims\jvm.cpp, line 1312]
Event: 9.529 Thread 0x0000000056970000 Exception <a 'java/security/PrivilegedActionException'> (0x00000000eb9f3170) thrown at [D:\re\workspace\8-2-build-windows-amd64-cygwin\jdk8u25\1677\hotspot\src\share\vm\prims\jvm.cpp, line 1312]
Event: 10.117 Thread 0x000000000252e000 Exception <a 'java/security/PrivilegedActionException'> (0x00000000eb746778) thrown at [D:\re\workspace\8-2-build-windows-amd64-cygwin\jdk8u25\1677\hotspot\src\share\vm\prims\jvm.cpp, line 1312]

Events (10 events):
Event: 10.121 Thread 0x000000000252e000 DEOPT UNPACKING pc=0x000000000293556a sp=0x00000000028ef0b8 mode 2
Event: 10.122 Thread 0x000000000252e000 Uncommon trap: trap_request=0xffffffde fr.pc=0x0000000002dc1d94
Event: 10.122 Thread 0x000000000252e000 DEOPT PACKING pc=0x0000000002dc1d94 sp=0x00000000028ef190
Event: 10.122 Thread 0x000000000252e000 DEOPT UNPACKING pc=0x000000000293556a sp=0x00000000028ef0b8 mode 2
Event: 10.122 Thread 0x000000000252e000 Uncommon trap: trap_request=0xffffffde fr.pc=0x0000000002dc1d94
Event: 10.122 Thread 0x000000000252e000 DEOPT PACKING pc=0x0000000002dc1d94 sp=0x00000000028ef190
Event: 10.122 Thread 0x000000000252e000 DEOPT UNPACKING pc=0x000000000293556a sp=0x00000000028ef0b8 mode 2
Event: 10.122 Thread 0x000000000252e000 Uncommon trap: trap_request=0xffffffde fr.pc=0x0000000002dc1d94
Event: 10.122 Thread 0x000000000252e000 DEOPT PACKING pc=0x0000000002dc1d94 sp=0x00000000028ef190
Event: 10.122 Thread 0x000000000252e000 DEOPT UNPACKING pc=0x000000000293556a sp=0x00000000028ef0b8 mode 2


Dynamic libraries:
0x000000013f290000 - 0x000000013f2c4000 	G:\Jdk8\bin\java.exe
0x00000000770b0000 - 0x0000000077259000 	C:\Windows\SYSTEM32\ntdll.dll
0x0000000076e90000 - 0x0000000076faf000 	C:\Windows\system32\kernel32.dll
0x000007fefd6a0000 - 0x000007fefd70c000 	C:\Windows\system32\KERNELBASE.dll
0x000007fefedc0000 - 0x000007fefee9b000 	C:\Windows\system32\ADVAPI32.dll
0x000007fefd940000 - 0x000007fefd9df000 	C:\Windows\system32\msvcrt.dll
0x000007fefdd80000 - 0x000007fefdd9f000 	C:\Windows\SYSTEM32\sechost.dll
0x000007fefeea0000 - 0x000007fefefcd000 	C:\Windows\system32\RPCRT4.dll
0x0000000076fb0000 - 0x00000000770aa000 	C:\Windows\system32\USER32.dll
0x000007fefed50000 - 0x000007fefedb7000 	C:\Windows\system32\GDI32.dll
0x000007feff3b0000 - 0x000007feff3be000 	C:\Windows\system32\LPK.dll
0x000007fefd9e0000 - 0x000007fefdaa9000 	C:\Windows\system32\USP10.dll
0x000007fefbdb0000 - 0x000007fefbfa4000 	C:\Windows\WinSxS\amd64_microsoft.windows.common-controls_6595b64144ccf1df_6.0.7601.18837_none_fa3b1e3d17594757\COMCTL32.dll
0x000007feff020000 - 0x000007feff091000 	C:\Windows\system32\SHLWAPI.dll
0x000007feff280000 - 0x000007feff2ae000 	C:\Windows\system32\IMM32.DLL
0x000007fefebd0000 - 0x000007fefecd9000 	C:\Windows\system32\MSCTF.dll
0x0000000064c10000 - 0x0000000064ce2000 	G:\Jdk8\jre\bin\msvcr100.dll
0x0000000061cf0000 - 0x000000006254a000 	G:\Jdk8\jre\bin\server\jvm.dll
0x000007fefa120000 - 0x000007fefa129000 	C:\Windows\system32\WSOCK32.dll
0x000007fefefd0000 - 0x000007feff01d000 	C:\Windows\system32\WS2_32.dll
0x000007fefed40000 - 0x000007fefed48000 	C:\Windows\system32\NSI.dll
0x000007fefd520000 - 0x000007fefd55b000 	C:\Windows\system32\WINMM.dll
0x0000000077270000 - 0x0000000077277000 	C:\Windows\system32\PSAPI.DLL
0x0000000073a40000 - 0x0000000073a4f000 	G:\Jdk8\jre\bin\verify.dll
0x0000000073990000 - 0x00000000739b8000 	G:\Jdk8\jre\bin\java.dll
0x0000000073970000 - 0x0000000073986000 	G:\Jdk8\jre\bin\zip.dll
0x000007fefdda0000 - 0x000007fefeb29000 	C:\Windows\system32\SHELL32.dll
0x000007fefdad0000 - 0x000007fefdcd3000 	C:\Windows\system32\ole32.dll
0x000007fefd2e0000 - 0x000007fefd2ef000 	C:\Windows\system32\profapi.dll

VM Arguments:
jvm_args: -Xmx1024M -Dfile.encoding=GBK -Duser.country=US -Duser.language=en -Duser.variant 
java_command: com.android.dx.command.Main --dex --num-threads=4 --output L:\STUDY-backup\Udacity\PopularMovies\app\build\intermediates\pre-dexed\debug\picasso-2.5.2-09caf161ee4854fc8527724a9bc1738b82d9fe1f.jar C:\Users\James Yang\.gradle\caches\modules-2\files-2.1\com.squareup.picasso\picasso\2.5.2\7446d06ec8d4f7ffcc53f1da37c95f200dcb9387\picasso-2.5.2.jar
java_class_path (initial): G:\AndroidSDK\build-tools\23.0.0_rc2\lib\dx.jar
Launcher Type: SUN_STANDARD

Environment Variables:
JAVA_HOME=G:\Jdk8
CLASSPATH=G:\Jdk8\lib\dt.jar;G:\Jdk8\lib\tools.jar;.;C:\Program Files (x86)\Java\jre1.6.0_24\lib\ext\QTJava.zip
PATH=C:\ProgramData\Oracle\Java\javapath;C:\Windows\system32;C:\Windows;C:\Windows\System32\Wbem;C:\Windows\System32\WindowsPowerShell\v1.0\;C:\Program Files\Intel\WiFi\bin\;C:\Program Files\Common Files\Intel\WirelessCommon\;C:\Program Files (x86)\Microsoft ASP.NET\ASP.NET Web Pages\v1.0\;J:\SAS HOME\Secure;J:\SAS HOME\x86\Secure;C:\Program Files (x86)\Microsoft SQL Server\100\Tools\Binn\;C:\Program Files\Microsoft SQL Server\100\Tools\Binn\;C:\Program Files\Microsoft SQL Server\100\DTS\Binn\;C:\Program Files (x86)\Microsoft SQL Server\100\Tools\Binn\VSShell\Common7\IDE\;C:\Program Files (x86)\Microsoft SQL Server\100\DTS\Binn\;C:\Program Files (x86)\Microsoft Visual Studio 9.0\Common7\IDE\PrivateAssemblies\;G:\QuickTime\QTSystem\;G:\Tortoise\;G:\ApacheMaven\apache-maven-3.2.5\bin;G:\Jdk8\bin;G:\Jdk8\jre\bin;G:\NodeJs\;G:\Cloud SDK\google-cloud-sdk\bin;C:\Program Files (x86)\Git\cmd;C:\Program Files\Microsoft\Web Platform Installer\;C:\Program Files\Intel\WiFi\bin\;C:\Program Files\Common Files\Intel\WirelessCommon\;G:\Jdk8/bin;C:\Users\James Yang\AppData\Roaming\npm
USERNAME=James Yang
OS=Windows_NT
PROCESSOR_IDENTIFIER=Intel64 Family 6 Model 42 Stepping 7, GenuineIntel



---------------  S Y S T E M  ---------------

OS: Windows 7 , 64 bit Build 7601 Service Pack 1

CPU:total 4 (2 cores per cpu, 2 threads per core) family 6 model 42 stepping 7, cmov, cx8, fxsr, mmx, sse, sse2, sse3, ssse3, sse4.1, sse4.2, popcnt, avx, clmul, ht, tsc, tscinvbit

Memory: 4k page, physical 6203568k(852580k free), swap 8730724k(8288k free)

vm_info: Java HotSpot(TM) 64-Bit Server VM (25.25-b02) for windows-amd64 JRE (1.8.0_25-b18), built on Oct  7 2014 14:25:37 by "java_re" with MS VC++ 10.0 (VS2010)

time: Sat Sep 12 17:46:31 2015
elapsed time: 10 seconds (0d 0h 0m 10s)

